<?xml version="1.0" encoding="UTF-8"?>
<!-- Generated by org.testng.reporters.JUnitXMLReporter -->
<testsuite ignored="0" hostname="DESKTOP-LKE06MV" failures="0" tests="2" name="listnerformultiple" time="0.096" errors="0" timestamp="2024-10-02T15:43:17 IST">
  <testcase classname="listeners.Listner_testNG_class_forchecktrsaction" name="checktransaction" time="0.019"/>
  <testcase classname="listeners.Listner_testNGclass" name="MoneyTransfersuccess" time="0.006"/>
</testsuite> <!-- listnerformultiple -->
