<?xml version="1.0" encoding="UTF-8"?>
<!-- Generated by org.testng.reporters.JUnitXMLReporter -->
<testsuite ignored="1" hostname="DESKTOP-LKE06MV" failures="0" tests="6" name="priority" time="0.425" errors="0" timestamp="2024-09-29T17:01:46 IST">
  <testcase classname="TestNG.Keyworduse" name="b" time="0.04"/>
  <testcase classname="TestNG.Keyworduse" name="e" time="0.038"/>
  <testcase classname="TestNG.Keyworduse" name="e" time="0.013"/>
  <testcase classname="TestNG.Keyworduse" name="e" time="0.014"/>
  <testcase classname="TestNG.Keyworduse" name="a" time="0.019"/>
  <testcase classname="TestNG.Keyworduse" name="d" time="0.003"/>
  <testcase classname="TestNG.Keyworduse" name="c" time="0.0">
    <ignored/>
  </testcase> <!-- c -->
</testsuite> <!-- priority -->
