<?xml version="1.0" encoding="UTF-8"?>
<!-- Generated by org.testng.reporters.JUnitXMLReporter -->
<testsuite ignored="3" hostname="DESKTOP-LKE06MV" failures="0" tests="3" name="Testgrp" time="0.166" errors="0" timestamp="2024-09-29T20:08:35 IST">
  <testcase classname="TestNG.Groupingcloseaccountscenario" name="d" time="0.027"/>
  <testcase classname="TestNG.Groupingcloseaccountscenario" name="e" time="0.004"/>
  <testcase classname="TestNG.Groupingsavingaccountscenario" name="b" time="0.003"/>
  <testcase classname="TestNG.Groupingcloseaccountscenario" name="f" time="0.0">
    <ignored/>
  </testcase> <!-- f -->
  <testcase classname="TestNG.Groupingsavingaccountscenario" name="c" time="0.0">
    <ignored/>
  </testcase> <!-- c -->
  <testcase classname="TestNG.Groupingsavingaccountscenario" name="a" time="0.0">
    <ignored/>
  </testcase> <!-- a -->
</testsuite> <!-- Testgrp -->
