<?xml version="1.0" encoding="UTF-8"?>
<!-- Generated by org.testng.reporters.JUnitXMLReporter -->
<testsuite ignored="0" hostname="DESKTOP-LKE06MV" failures="1" tests="1" name="Default test(failed)" time="0.076" errors="0" timestamp="2024-10-03T18:18:06 IST">
  <testcase classname="listeners.Listner_testNGclass" name="MoneyTransfersuccess" time="0.02">
    <failure type="java.lang.AssertionError" message="null">
      <![CDATA[java.lang.AssertionError: null
at listeners.Listner_testNGclass.MoneyTransfersuccess(Listner_testNGclass.java:14)
at java.base/java.util.ArrayList.forEach(ArrayList.java:1597)
... Removed 27 stack frames]]>
    </failure>
  </testcase> <!-- MoneyTransfersuccess -->
</testsuite> <!-- Default test(failed) -->
