<?xml version="1.0" encoding="UTF-8"?>
<!-- Generated by org.testng.reporters.JUnitXMLReporter -->
<testsuite ignored="1" hostname="DESKTOP-LKE06MV" failures="0" tests="3" name="Test" time="0.09" errors="0" timestamp="2024-09-23T13:48:33 IST">
  <testcase classname="TestNG.test1" name="b" time="0.018"/>
  <testcase classname="TestNG.test1" name="c" time="0.004"/>
  <testcase classname="TestNG.test1" name="d" time="0.002"/>
  <testcase classname="TestNG.test1" name="a" time="0.0">
    <ignored/>
  </testcase> <!-- a -->
</testsuite> <!-- Test -->
