<?xml version="1.0" encoding="UTF-8"?>
<!-- Generated by org.testng.reporters.JUnitXMLReporter -->
<testsuite ignored="3" hostname="DESKTOP-LKE06MV" failures="0" tests="3" name="groupscenario" time="0.117" errors="0" timestamp="2024-09-29T17:18:47 IST">
  <testcase classname="TestNG.Groupingsavingaccountscenario" name="a" time="0.025"/>
  <testcase classname="TestNG.Groupingsavingaccountscenario" name="b" time="0.002"/>
  <testcase classname="TestNG.Groupingsavingaccountscenario" name="c" time="0.003"/>
  <testcase classname="TestNG.Groupingcloseaccountscenario" name="d" time="0.0">
    <ignored/>
  </testcase> <!-- d -->
  <testcase classname="TestNG.Groupingcloseaccountscenario" name="e" time="0.0">
    <ignored/>
  </testcase> <!-- e -->
  <testcase classname="TestNG.Groupingcloseaccountscenario" name="f" time="0.0">
    <ignored/>
  </testcase> <!-- f -->
</testsuite> <!-- groupscenario -->
